<?xml version="1.0" encoding="UTF-8"?>
<!-- Generated by org.testng.reporters.JUnitReportReporter -->
<testsuite skipped="0" hostname="QAP16-PC" name="TestScripts.TC2_AddEmp" tests="1" failures="0" timestamp="18 Feb 2019 13:08:35 GMT" time="22.171" errors="0">
  <testcase name="AddEmployee" time="22.171" classname="TestScripts.TC2_AddEmp"/>
</testsuite> <!-- TestScripts.TC2_AddEmp -->
