<?xml version="1.0" encoding="UTF-8"?>
<!-- Generated by org.testng.reporters.JUnitReportReporter -->
<testsuite skipped="0" hostname="QAP16-PC" name="TestScripts.TC_EditJob" tests="1" failures="0" timestamp="19 Dec 2018 07:38:09 GMT" time="10.566" errors="0">
  <testcase name="editJob" time="10.566" classname="TestScripts.TC_EditJob"/>
</testsuite> <!-- TestScripts.TC_EditJob -->
