<?xml version="1.0" encoding="UTF-8"?>
<!-- Generated by org.testng.reporters.JUnitReportReporter -->
<testsuite skipped="0" hostname="QAP16-PC" name="TestScripts.TC4_DelEmp" tests="1" failures="0" timestamp="18 Dec 2018 03:56:35 GMT" time="8.011" errors="0">
  <testcase name="deleteemp" time="8.011" classname="TestScripts.TC4_DelEmp"/>
</testsuite> <!-- TestScripts.TC4_DelEmp -->
