<?xml version="1.0" encoding="UTF-8"?>
<!-- Generated by org.testng.reporters.JUnitReportReporter -->
<testsuite skipped="0" hostname="QAP16-PC" name="TestScripts.TC_Login" tests="1" failures="0" timestamp="18 Feb 2019 13:06:04 GMT" time="9.585" errors="0">
  <testcase name="login" time="9.585" classname="TestScripts.TC_Login"/>
</testsuite> <!-- TestScripts.TC_Login -->
