<?xml version="1.0" encoding="UTF-8"?>
<!-- Generated by org.testng.reporters.JUnitReportReporter -->
<testsuite skipped="0" hostname="QAP16-PC" name="TestScripts.TC_Open" tests="1" failures="0" timestamp="10 Jan 2019 09:40:34 GMT" time="6.720" errors="0">
  <testcase name="startBrowserFirefox" time="6.720" classname="TestScripts.TC_Open"/>
</testsuite> <!-- TestScripts.TC_Open -->
