<?xml version="1.0" encoding="UTF-8"?>
<!-- Generated by org.testng.reporters.JUnitReportReporter -->
<testsuite skipped="0" hostname="QAP16-PC" name="TestScripts.TC2_AddEmp" tests="1" failures="0" timestamp="13 Feb 2019 11:41:23 GMT" time="20.698" errors="0">
  <testcase name="AddEmployee" time="20.698" classname="TestScripts.TC2_AddEmp"/>
</testsuite> <!-- TestScripts.TC2_AddEmp -->
