<?xml version="1.0" encoding="UTF-8"?>
<!-- Generated by org.testng.reporters.JUnitReportReporter -->
<testsuite skipped="0" hostname="QAP16-PC" name="TestScripts.Tc1_Login" tests="1" failures="0" timestamp="13 Feb 2019 11:40:06 GMT" time="13.486" errors="0">
  <testcase name="verifyOrangeHRM" time="13.486" classname="TestScripts.Tc1_Login"/>
</testsuite> <!-- TestScripts.Tc1_Login -->
