<?xml version="1.0" encoding="UTF-8"?>
<!-- Generated by org.testng.reporters.JUnitReportReporter -->
<testsuite skipped="0" hostname="QAP16-PC" name="TestScripts.TC5_AddJob" tests="1" failures="0" timestamp="19 Dec 2018 07:13:29 GMT" time="12.987" errors="0">
  <testcase name="addJob" time="12.987" classname="TestScripts.TC5_AddJob"/>
</testsuite> <!-- TestScripts.TC5_AddJob -->
