<?xml version="1.0" encoding="UTF-8"?>
<!-- Generated by org.testng.reporters.JUnitReportReporter -->
<testsuite skipped="0" hostname="QAP16-PC" name="TestScripts.TC_Login" tests="1" failures="0" timestamp="13 Feb 2019 08:00:46 GMT" time="10.956" errors="0">
  <testcase name="login" time="10.956" classname="TestScripts.TC_Login"/>
</testsuite> <!-- TestScripts.TC_Login -->
