<?xml version="1.0" encoding="UTF-8"?>
<!-- Generated by org.testng.reporters.JUnitReportReporter -->
<testsuite skipped="0" hostname="QAP16-PC" name="TestScripts.TC3_EditEmp" tests="1" failures="0" timestamp="18 Dec 2018 04:11:10 GMT" time="16.123" errors="0">
  <testcase name="editEmp" time="16.123" classname="TestScripts.TC3_EditEmp"/>
</testsuite> <!-- TestScripts.TC3_EditEmp -->
